<?xml version="1.0" encoding="UTF-8"?>
<!-- Generated by org.testng.reporters.JUnitXMLReporter -->
<testsuite ignored="1" hostname="DESKTOP-I35D3F1" failures="0" tests="1" name="Default test" time="70.649" errors="0" timestamp="2022-10-01T15:23:39 IST">
  <testcase classname="Guru99_Demo_Ecommerce_Project_Magneto_TestCases.Day5_Script" name="VerifyWishlistisShared" time="44.598"/>
  <testcase classname="Guru99_Demo_Ecommerce_Project_Magneto_TestCases.Day5_Script" name="CreateNewAccount" time="0.0">
    <ignored/>
  </testcase> <!-- CreateNewAccount -->
</testsuite> <!-- Default test -->
